2024-05-05 15:45:37,992 - WARNING - From C:\Users\DELL\AppData\Local\Programs\Python\Python310\lib\site-packages\keras\src\backend.py:873: The name tf.get_default_graph is deprecated. Please use tf.compat.v1.get_default_graph instead.

2024-05-05 15:45:38,519 - WARNING - From C:\Users\DELL\AppData\Local\Programs\Python\Python310\lib\site-packages\keras\src\optimizers\__init__.py:309: The name tf.train.Optimizer is deprecated. Please use tf.compat.v1.train.Optimizer instead.

2024-05-05 15:45:39,073 - INFO - Application started.
2024-05-05 15:45:39,074 - INFO - Subtitle added.
2024-05-05 15:45:39,074 - INFO - Input frame created.
2024-05-05 15:45:52,022 - INFO - Reading input date...
2024-05-05 15:45:52,022 - INFO - Input date processed.
2024-05-05 15:45:52,606 - WARNING - From C:\Users\DELL\AppData\Local\Programs\Python\Python310\lib\site-packages\keras\src\utils\tf_utils.py:492: The name tf.ragged.RaggedTensorValue is deprecated. Please use tf.compat.v1.ragged.RaggedTensorValue instead.

2024-05-05 15:45:55,447 - INFO - Prediction made successfully.
2024-05-05 15:48:52,441 - WARNING - From C:\Users\DELL\AppData\Local\Programs\Python\Python310\lib\site-packages\keras\src\backend.py:873: The name tf.get_default_graph is deprecated. Please use tf.compat.v1.get_default_graph instead.

2024-05-05 15:48:52,895 - WARNING - From C:\Users\DELL\AppData\Local\Programs\Python\Python310\lib\site-packages\keras\src\optimizers\__init__.py:309: The name tf.train.Optimizer is deprecated. Please use tf.compat.v1.train.Optimizer instead.

2024-05-05 15:48:53,013 - INFO - Application started.
2024-05-05 15:48:53,014 - INFO - Subtitle added.
2024-05-05 15:48:53,015 - INFO - Input frame created.
2024-05-05 15:49:02,974 - INFO - Reading input date...
2024-05-05 15:49:02,975 - INFO - Input date processed.
2024-05-05 15:49:03,359 - WARNING - From C:\Users\DELL\AppData\Local\Programs\Python\Python310\lib\site-packages\keras\src\utils\tf_utils.py:492: The name tf.ragged.RaggedTensorValue is deprecated. Please use tf.compat.v1.ragged.RaggedTensorValue instead.

2024-05-05 15:49:06,225 - INFO - Prediction made successfully.
2024-05-05 15:51:10,648 - WARNING - From C:\Users\DELL\AppData\Local\Programs\Python\Python310\lib\site-packages\keras\src\backend.py:873: The name tf.get_default_graph is deprecated. Please use tf.compat.v1.get_default_graph instead.

2024-05-05 15:51:10,993 - WARNING - From C:\Users\DELL\AppData\Local\Programs\Python\Python310\lib\site-packages\keras\src\optimizers\__init__.py:309: The name tf.train.Optimizer is deprecated. Please use tf.compat.v1.train.Optimizer instead.

2024-05-05 15:51:11,052 - INFO - Application started.
2024-05-05 15:51:11,052 - INFO - Subtitle added.
2024-05-05 15:51:11,053 - INFO - Input frame created.
2024-05-05 15:58:31,749 - WARNING - From C:\Users\DELL\AppData\Local\Programs\Python\Python310\lib\site-packages\keras\src\backend.py:873: The name tf.get_default_graph is deprecated. Please use tf.compat.v1.get_default_graph instead.

2024-05-05 15:58:32,247 - WARNING - From C:\Users\DELL\AppData\Local\Programs\Python\Python310\lib\site-packages\keras\src\optimizers\__init__.py:309: The name tf.train.Optimizer is deprecated. Please use tf.compat.v1.train.Optimizer instead.

2024-05-05 15:59:03,464 - WARNING - From C:\Users\DELL\AppData\Local\Programs\Python\Python310\lib\site-packages\keras\src\backend.py:873: The name tf.get_default_graph is deprecated. Please use tf.compat.v1.get_default_graph instead.

2024-05-05 15:59:03,862 - WARNING - From C:\Users\DELL\AppData\Local\Programs\Python\Python310\lib\site-packages\keras\src\optimizers\__init__.py:309: The name tf.train.Optimizer is deprecated. Please use tf.compat.v1.train.Optimizer instead.

2024-05-05 15:59:03,959 - INFO - Application started.
2024-05-05 15:59:03,959 - INFO - Subtitle added.
2024-05-05 15:59:03,960 - INFO - Input frame created.
2024-05-05 16:10:06,827 - WARNING - From C:\Users\DELL\AppData\Local\Programs\Python\Python310\lib\site-packages\keras\src\backend.py:873: The name tf.get_default_graph is deprecated. Please use tf.compat.v1.get_default_graph instead.

2024-05-05 16:10:07,198 - WARNING - From C:\Users\DELL\AppData\Local\Programs\Python\Python310\lib\site-packages\keras\src\optimizers\__init__.py:309: The name tf.train.Optimizer is deprecated. Please use tf.compat.v1.train.Optimizer instead.

2024-05-05 16:10:07,283 - INFO - Application started.
2024-05-05 16:10:07,283 - INFO - Subtitle added.
2024-05-05 16:10:07,284 - INFO - Input frame created.
2024-05-05 16:10:13,511 - INFO - Reading input date...
2024-05-05 16:10:13,512 - INFO - Input date processed.
2024-05-05 16:10:14,058 - WARNING - From C:\Users\DELL\AppData\Local\Programs\Python\Python310\lib\site-packages\keras\src\utils\tf_utils.py:492: The name tf.ragged.RaggedTensorValue is deprecated. Please use tf.compat.v1.ragged.RaggedTensorValue instead.

2024-05-05 16:10:16,884 - INFO - Prediction made successfully.
2024-05-05 16:10:21,864 - INFO - Reading input date...
2024-05-05 16:10:21,864 - INFO - Input date processed.
2024-05-05 16:10:22,290 - INFO - Prediction made successfully.
2024-05-05 16:10:43,776 - INFO - Application closed.
2024-05-05 16:11:02,637 - WARNING - From C:\Users\DELL\AppData\Local\Programs\Python\Python310\lib\site-packages\keras\src\backend.py:873: The name tf.get_default_graph is deprecated. Please use tf.compat.v1.get_default_graph instead.

2024-05-05 16:11:02,968 - WARNING - From C:\Users\DELL\AppData\Local\Programs\Python\Python310\lib\site-packages\keras\src\optimizers\__init__.py:309: The name tf.train.Optimizer is deprecated. Please use tf.compat.v1.train.Optimizer instead.

2024-05-05 16:11:03,027 - INFO - Application started.
2024-05-05 16:11:03,028 - INFO - Subtitle added.
2024-05-05 16:11:03,028 - INFO - Input frame created.
2024-05-05 18:19:34,964 - WARNING - From C:\Users\DELL\AppData\Local\Programs\Python\Python310\lib\site-packages\keras\src\backend.py:873: The name tf.get_default_graph is deprecated. Please use tf.compat.v1.get_default_graph instead.

2024-05-05 18:19:35,303 - WARNING - From C:\Users\DELL\AppData\Local\Programs\Python\Python310\lib\site-packages\keras\src\optimizers\__init__.py:309: The name tf.train.Optimizer is deprecated. Please use tf.compat.v1.train.Optimizer instead.

2024-05-05 18:19:35,408 - INFO - Application started.
2024-05-05 18:19:35,409 - INFO - Subtitle added.
2024-05-05 18:19:35,409 - INFO - Input frame created.
2024-05-05 18:19:50,030 - INFO - Reading input date...
2024-05-05 18:19:50,030 - INFO - Input date processed.
2024-05-05 18:19:50,424 - WARNING - From C:\Users\DELL\AppData\Local\Programs\Python\Python310\lib\site-packages\keras\src\utils\tf_utils.py:492: The name tf.ragged.RaggedTensorValue is deprecated. Please use tf.compat.v1.ragged.RaggedTensorValue instead.

2024-05-05 18:19:53,100 - INFO - Prediction made successfully.
2024-05-05 18:19:58,038 - INFO - Reading input date...
2024-05-05 18:19:58,038 - INFO - Input date processed.
2024-05-05 18:19:58,450 - INFO - Prediction made successfully.
2024-05-05 18:20:04,195 - INFO - Application closed.
2024-05-05 18:23:06,252 - WARNING - From C:\Users\DELL\AppData\Local\Programs\Python\Python310\lib\site-packages\keras\src\backend.py:1398: The name tf.executing_eagerly_outside_functions is deprecated. Please use tf.compat.v1.executing_eagerly_outside_functions instead.

2024-05-05 18:23:40,689 - WARNING - From C:\Users\DELL\AppData\Local\Programs\Python\Python310\lib\site-packages\keras\src\backend.py:1398: The name tf.executing_eagerly_outside_functions is deprecated. Please use tf.compat.v1.executing_eagerly_outside_functions instead.

2024-05-05 18:23:41,427 - INFO - Application started.
2024-05-05 18:23:41,428 - INFO - Subtitle added.
2024-05-05 18:23:41,428 - INFO - Input frame created.
2024-05-05 18:23:47,863 - INFO - Reading input date...
2024-05-05 18:23:47,864 - INFO - Input date processed.
2024-05-05 18:23:48,865 - INFO - Prediction made successfully.
2024-05-05 18:23:56,446 - INFO - Reading input date...
2024-05-05 18:23:56,446 - INFO - Input date processed.
2024-05-05 18:23:56,505 - INFO - Prediction made successfully.
2024-05-05 18:24:02,414 - INFO - Input and result reset.
2024-05-05 18:24:06,958 - INFO - Reading input date...
2024-05-05 18:24:06,958 - INFO - Input date processed.
2024-05-05 18:24:07,022 - INFO - Prediction made successfully.
2024-05-05 18:25:04,487 - INFO - Input and result reset.
2024-05-05 18:29:58,253 - INFO - Data loaded and sorted.
2024-05-05 18:29:58,423 - WARNING - From C:\Users\DELL\AppData\Local\Programs\Python\Python310\lib\site-packages\keras\src\backend.py:1398: The name tf.executing_eagerly_outside_functions is deprecated. Please use tf.compat.v1.executing_eagerly_outside_functions instead.

2024-05-05 18:29:59,189 - INFO - Trained model loaded.
2024-05-05 18:29:59,190 - INFO - Scaler object loaded.
2024-05-05 18:29:59,273 - INFO - Application started.
2024-05-05 18:29:59,274 - INFO - Subtitle added.
2024-05-05 18:29:59,274 - INFO - Input frame created.
2024-05-05 18:30:06,166 - INFO - Reading input date...
2024-05-05 18:30:06,167 - INFO - Year entered is before 2025.
2024-05-05 18:30:10,213 - INFO - Reading input date...
2024-05-05 18:30:10,214 - INFO - Input date processed.
2024-05-05 18:30:11,288 - INFO - Prediction made successfully.
2024-05-05 18:30:14,070 - INFO - Input and result reset.
2024-05-05 18:30:18,206 - INFO - Reading input date...
2024-05-05 18:30:18,206 - INFO - Input date processed.
2024-05-05 18:30:18,266 - INFO - Prediction made successfully.
2024-05-05 18:37:46,089 - WARNING - From C:\Users\DELL\AppData\Local\Programs\Python\Python310\lib\site-packages\keras\src\backend.py:873: The name tf.get_default_graph is deprecated. Please use tf.compat.v1.get_default_graph instead.

2024-05-05 18:37:46,461 - WARNING - From C:\Users\DELL\AppData\Local\Programs\Python\Python310\lib\site-packages\keras\src\optimizers\__init__.py:309: The name tf.train.Optimizer is deprecated. Please use tf.compat.v1.train.Optimizer instead.

2024-05-05 18:37:46,526 - INFO - Application started.
2024-05-05 18:37:46,527 - INFO - Subtitle added.
2024-05-05 18:37:46,527 - INFO - Input frame created.
2024-05-05 18:37:52,183 - INFO - Reading input date...
2024-05-05 18:37:52,183 - INFO - Input date processed.
2024-05-05 18:37:52,568 - WARNING - From C:\Users\DELL\AppData\Local\Programs\Python\Python310\lib\site-packages\keras\src\utils\tf_utils.py:492: The name tf.ragged.RaggedTensorValue is deprecated. Please use tf.compat.v1.ragged.RaggedTensorValue instead.

2024-05-05 18:37:55,375 - INFO - Prediction made successfully.
2024-05-05 18:38:00,431 - INFO - Reading input date...
2024-05-05 18:38:00,431 - INFO - Input date processed.
2024-05-05 18:38:00,855 - INFO - Prediction made successfully.
2024-05-05 18:38:03,752 - INFO - Application closed.
2024-05-05 18:44:39,719 - INFO - Application started.
2024-05-05 18:44:39,720 - INFO - Subtitle added.
2024-05-05 18:44:39,720 - INFO - Input frame created.
2024-05-05 18:44:39,953 - WARNING - From C:\Users\DELL\AppData\Local\Programs\Python\Python310\lib\site-packages\keras\src\backend.py:1398: The name tf.executing_eagerly_outside_functions is deprecated. Please use tf.compat.v1.executing_eagerly_outside_functions instead.

2024-05-05 18:44:46,055 - INFO - Reading input date...
2024-05-05 18:44:46,055 - INFO - Input date processed.
2024-05-05 18:44:46,071 - INFO - Invalid date format provided.
2024-05-05 18:44:54,687 - INFO - Reading input date...
2024-05-05 18:44:54,687 - INFO - Input date processed.
2024-05-05 18:44:54,691 - INFO - Invalid date format provided.
2024-05-05 18:50:37,479 - INFO - Application started.
2024-05-05 18:50:37,480 - INFO - Subtitle added.
2024-05-05 18:50:37,480 - INFO - Input frame created.
2024-05-05 18:50:37,610 - WARNING - From C:\Users\DELL\AppData\Local\Programs\Python\Python310\lib\site-packages\keras\src\backend.py:1398: The name tf.executing_eagerly_outside_functions is deprecated. Please use tf.compat.v1.executing_eagerly_outside_functions instead.

2024-05-05 18:50:45,991 - INFO - Reading input date...
2024-05-05 18:50:45,991 - INFO - Input date processed.
2024-05-05 18:50:45,995 - INFO - Invalid date format provided.
2024-05-05 18:50:55,463 - INFO - Reading input date...
2024-05-05 18:50:55,463 - INFO - Input date processed.
2024-05-05 18:50:55,467 - INFO - Invalid date format provided.
2024-05-05 18:50:57,783 - INFO - Reading input date...
2024-05-05 18:50:57,783 - INFO - Input date processed.
2024-05-05 18:50:57,787 - INFO - Invalid date format provided.
2024-05-05 18:51:02,741 - INFO - Application closed.
2024-05-05 18:53:09,126 - INFO - Application started.
2024-05-05 18:53:09,127 - INFO - Subtitle added.
2024-05-05 18:53:09,127 - INFO - Input frame created.
2024-05-05 18:53:09,377 - WARNING - From C:\Users\DELL\AppData\Local\Programs\Python\Python310\lib\site-packages\keras\src\backend.py:1398: The name tf.executing_eagerly_outside_functions is deprecated. Please use tf.compat.v1.executing_eagerly_outside_functions instead.

2024-05-05 18:53:15,272 - INFO - Reading input date...
2024-05-05 18:53:15,273 - INFO - Input date processed.
2024-05-05 18:53:15,277 - INFO - Invalid date format provided.
2024-05-05 18:53:17,695 - INFO - Reading input date...
2024-05-05 18:53:17,695 - INFO - Input date processed.
2024-05-05 18:53:17,698 - INFO - Invalid date format provided.
2024-05-05 18:54:34,870 - INFO - Application started.
2024-05-05 18:54:34,871 - INFO - Subtitle added.
2024-05-05 18:54:34,871 - INFO - Input frame created.
2024-05-05 18:54:35,001 - WARNING - From C:\Users\DELL\AppData\Local\Programs\Python\Python310\lib\site-packages\keras\src\backend.py:1398: The name tf.executing_eagerly_outside_functions is deprecated. Please use tf.compat.v1.executing_eagerly_outside_functions instead.

2024-05-05 18:54:41,383 - INFO - Reading input date...
2024-05-05 18:54:41,384 - INFO - Input date processed.
2024-05-05 18:54:42,041 - WARNING - From C:\Users\DELL\AppData\Local\Programs\Python\Python310\lib\site-packages\keras\src\utils\tf_utils.py:492: The name tf.ragged.RaggedTensorValue is deprecated. Please use tf.compat.v1.ragged.RaggedTensorValue instead.

2024-05-05 18:54:45,262 - INFO - Prediction made successfully.
2024-05-05 18:54:50,975 - INFO - Reading input date...
2024-05-05 18:54:50,976 - INFO - Input date processed.
2024-05-05 18:54:51,511 - INFO - Prediction made successfully.
2024-05-05 18:54:56,951 - INFO - Reading input date...
2024-05-05 18:54:56,951 - INFO - Input date processed.
2024-05-05 18:54:57,489 - INFO - Prediction made successfully.
2024-05-05 18:54:58,847 - INFO - Input and result reset.
